<?xml version="1.0" encoding="UTF-8"?>
<!-- Generated by org.testng.reporters.JUnitReportReporter -->
<testsuite hostname="studentapp" name="com.acttime.campaigntest.CampaignTest" tests="2" failures="0" timestamp="5 Jan 2019 08:26:57 GMT" time="0.030" errors="0">
  <testcase name="modifyCamapginTest" time="0.012" classname="com.acttime.campaigntest.CampaignTest"/>
  <testcase name="createCamapginTest" time="0.018" classname="com.acttime.campaigntest.CampaignTest"/>
</testsuite> <!-- com.acttime.campaigntest.CampaignTest -->
